<?xml version="1.0" encoding="UTF-8"?>
<testsuite xmlns:xsi="http://www.w3.org/2001/XMLSchema-instance" xsi:noNamespaceSchemaLocation="https://maven.apache.org/surefire/maven-surefire-plugin/xsd/surefire-test-report.xsd" name="com.ex.ers.services.PersonServiceTest" time="0.525" tests="4" errors="0" skipped="0" failures="0">
  <properties>
    <property name="sun.desktop" value="windows"/>
    <property name="awt.toolkit" value="sun.awt.windows.WToolkit"/>
    <property name="file.encoding.pkg" value="sun.io"/>
    <property name="java.specification.version" value="1.8"/>
    <property name="sun.cpu.isalist" value="amd64"/>
    <property name="sun.jnu.encoding" value="Cp1252"/>
    <property name="java.class.path" value="C:\Users\13104\Documents\repos\2004-apr06-java\ERS_Hill_Severance\ERS_Project1\target\test-classes;C:\Users\13104\Documents\repos\2004-apr06-java\ERS_Hill_Severance\ERS_Project1\target\classes;C:\Users\13104\.m2\repository\javax\servlet\javax.servlet-api\3.1.0\javax.servlet-api-3.1.0.jar;C:\Users\13104\.m2\repository\org\apache\logging\log4j\log4j-core\2.13.1\log4j-core-2.13.1.jar;C:\Users\13104\.m2\repository\org\apache\logging\log4j\log4j-api\2.13.1\log4j-api-2.13.1.jar;C:\Users\13104\.m2\repository\org\postgresql\postgresql\42.2.12\postgresql-42.2.12.jar;C:\Users\13104\.m2\repository\org\mockito\mockito-core\3.3.3\mockito-core-3.3.3.jar;C:\Users\13104\.m2\repository\net\bytebuddy\byte-buddy\1.10.5\byte-buddy-1.10.5.jar;C:\Users\13104\.m2\repository\net\bytebuddy\byte-buddy-agent\1.10.5\byte-buddy-agent-1.10.5.jar;C:\Users\13104\.m2\repository\org\objenesis\objenesis\2.6\objenesis-2.6.jar;C:\Users\13104\.m2\repository\org\apache\tomcat\maven\tomcat7-maven-plugin\2.2\tomcat7-maven-plugin-2.2.jar;C:\Users\13104\.m2\repository\org\apache\tomcat\embed\tomcat-embed-core\7.0.47\tomcat-embed-core-7.0.47.jar;C:\Users\13104\.m2\repository\org\apache\tomcat\tomcat-util\7.0.47\tomcat-util-7.0.47.jar;C:\Users\13104\.m2\repository\org\apache\tomcat\tomcat-coyote\7.0.47\tomcat-coyote-7.0.47.jar;C:\Users\13104\.m2\repository\org\apache\tomcat\tomcat-api\7.0.47\tomcat-api-7.0.47.jar;C:\Users\13104\.m2\repository\org\apache\tomcat\tomcat-jdbc\7.0.47\tomcat-jdbc-7.0.47.jar;C:\Users\13104\.m2\repository\org\apache\tomcat\tomcat-dbcp\7.0.47\tomcat-dbcp-7.0.47.jar;C:\Users\13104\.m2\repository\org\apache\tomcat\tomcat-servlet-api\7.0.47\tomcat-servlet-api-7.0.47.jar;C:\Users\13104\.m2\repository\org\apache\tomcat\tomcat-jsp-api\7.0.47\tomcat-jsp-api-7.0.47.jar;C:\Users\13104\.m2\repository\org\apache\tomcat\tomcat-jasper\7.0.47\tomcat-jasper-7.0.47.jar;C:\Users\13104\.m2\repository\org\apache\tomcat\tomcat-jasper-el\7.0.47\tomcat-jasper-el-7.0.47.jar;C:\Users\13104\.m2\repository\org\apache\tomcat\tomcat-el-api\7.0.47\tomcat-el-api-7.0.47.jar;C:\Users\13104\.m2\repository\org\apache\tomcat\tomcat-catalina\7.0.47\tomcat-catalina-7.0.47.jar;C:\Users\13104\.m2\repository\org\apache\tomcat\tomcat-tribes\7.0.47\tomcat-tribes-7.0.47.jar;C:\Users\13104\.m2\repository\org\apache\tomcat\tomcat-catalina-ha\7.0.47\tomcat-catalina-ha-7.0.47.jar;C:\Users\13104\.m2\repository\org\apache\tomcat\tomcat-annotations-api\7.0.47\tomcat-annotations-api-7.0.47.jar;C:\Users\13104\.m2\repository\org\apache\tomcat\tomcat-juli\7.0.47\tomcat-juli-7.0.47.jar;C:\Users\13104\.m2\repository\org\apache\tomcat\embed\tomcat-embed-logging-juli\7.0.47\tomcat-embed-logging-juli-7.0.47.jar;C:\Users\13104\.m2\repository\org\apache\tomcat\embed\tomcat-embed-logging-log4j\7.0.47\tomcat-embed-logging-log4j-7.0.47.jar;C:\Users\13104\.m2\repository\org\eclipse\jdt\core\compiler\ecj\4.2.2\ecj-4.2.2.jar;C:\Users\13104\.m2\repository\org\apache\tomcat\maven\common-tomcat-maven-plugin\2.2\common-tomcat-maven-plugin-2.2.jar;C:\Users\13104\.m2\repository\com\google\guava\guava\10.0.1\guava-10.0.1.jar;C:\Users\13104\.m2\repository\com\google\code\findbugs\jsr305\1.3.9\jsr305-1.3.9.jar;C:\Users\13104\.m2\repository\org\apache\httpcomponents\httpclient\4.3.1\httpclient-4.3.1.jar;C:\Users\13104\.m2\repository\org\apache\httpcomponents\httpcore\4.3\httpcore-4.3.jar;C:\Users\13104\.m2\repository\commons-logging\commons-logging\1.1.3\commons-logging-1.1.3.jar;C:\Users\13104\.m2\repository\org\codehaus\plexus\plexus-component-annotations\1.5.5\plexus-component-annotations-1.5.5.jar;C:\Users\13104\.m2\repository\commons-codec\commons-codec\1.6\commons-codec-1.6.jar;C:\Users\13104\.m2\repository\org\apache\tomcat\maven\tomcat7-war-runner\2.2\tomcat7-war-runner-2.2.jar;C:\Users\13104\.m2\repository\commons-cli\commons-cli\1.2\commons-cli-1.2.jar;C:\Users\13104\.m2\repository\org\apache\maven\maven-plugin-api\2.2.1\maven-plugin-api-2.2.1.jar;C:\Users\13104\.m2\repository\org\apache\maven\maven-archiver\2.4.2\maven-archiver-2.4.2.jar;C:\Users\13104\.m2\repository\org\apache\maven\maven-artifact\2.0.6\maven-artifact-2.0.6.jar;C:\Users\13104\.m2\repository\org\apache\maven\maven-model\2.0.6\maven-model-2.0.6.jar;C:\Users\13104\.m2\repository\org\codehaus\plexus\plexus-interpolation\1.13\plexus-interpolation-1.13.jar;C:\Users\13104\.m2\repository\org\codehaus\plexus\plexus-classworlds\2.2.2\plexus-classworlds-2.2.2.jar;C:\Users\13104\.m2\repository\commons-io\commons-io\2.2\commons-io-2.2.jar;C:\Users\13104\.m2\repository\commons-lang\commons-lang\2.6\commons-lang-2.6.jar;C:\Users\13104\.m2\repository\org\apache\commons\commons-compress\1.4.1\commons-compress-1.4.1.jar;C:\Users\13104\.m2\repository\org\tukaani\xz\1.0\xz-1.0.jar;C:\Users\13104\.m2\repository\org\codehaus\plexus\plexus-archiver\2.1.1\plexus-archiver-2.1.1.jar;C:\Users\13104\.m2\repository\org\codehaus\plexus\plexus-container-default\1.0-alpha-9-stable-1\plexus-container-default-1.0-alpha-9-stable-1.jar;C:\Users\13104\.m2\repository\classworlds\classworlds\1.1-alpha-2\classworlds-1.1-alpha-2.jar;C:\Users\13104\.m2\repository\org\codehaus\plexus\plexus-io\2.0.3\plexus-io-2.0.3.jar;C:\Users\13104\.m2\repository\org\codehaus\plexus\plexus-utils\3.0.15\plexus-utils-3.0.15.jar;C:\Users\13104\.m2\repository\org\apache\maven\shared\maven-filtering\1.0\maven-filtering-1.0.jar;C:\Users\13104\.m2\repository\org\apache\maven\maven-core\2.0.6\maven-core-2.0.6.jar;C:\Users\13104\.m2\repository\org\apache\maven\wagon\wagon-file\1.0-beta-2\wagon-file-1.0-beta-2.jar;C:\Users\13104\.m2\repository\org\apache\maven\maven-plugin-parameter-documenter\2.0.6\maven-plugin-parameter-documenter-2.0.6.jar;C:\Users\13104\.m2\repository\org\apache\maven\wagon\wagon-http-lightweight\1.0-beta-2\wagon-http-lightweight-1.0-beta-2.jar;C:\Users\13104\.m2\repository\org\apache\maven\wagon\wagon-http-shared\1.0-beta-2\wagon-http-shared-1.0-beta-2.jar;C:\Users\13104\.m2\repository\jtidy\jtidy\4aug2000r7-dev\jtidy-4aug2000r7-dev.jar;C:\Users\13104\.m2\repository\org\apache\maven\wagon\wagon-provider-api\1.0-beta-2\wagon-provider-api-1.0-beta-2.jar;C:\Users\13104\.m2\repository\org\apache\maven\maven-repository-metadata\2.0.6\maven-repository-metadata-2.0.6.jar;C:\Users\13104\.m2\repository\org\apache\maven\maven-error-diagnostics\2.0.6\maven-error-diagnostics-2.0.6.jar;C:\Users\13104\.m2\repository\org\apache\maven\wagon\wagon-ssh-external\1.0-beta-2\wagon-ssh-external-1.0-beta-2.jar;C:\Users\13104\.m2\repository\org\apache\maven\wagon\wagon-ssh-common\1.0-beta-2\wagon-ssh-common-1.0-beta-2.jar;C:\Users\13104\.m2\repository\org\apache\maven\maven-plugin-descriptor\2.0.6\maven-plugin-descriptor-2.0.6.jar;C:\Users\13104\.m2\repository\org\codehaus\plexus\plexus-interactivity-api\1.0-alpha-4\plexus-interactivity-api-1.0-alpha-4.jar;C:\Users\13104\.m2\repository\org\apache\maven\wagon\wagon-ssh\1.0-beta-2\wagon-ssh-1.0-beta-2.jar;C:\Users\13104\.m2\repository\com\jcraft\jsch\0.1.27\jsch-0.1.27.jar;C:\Users\13104\.m2\repository\org\apache\maven\maven-monitor\2.0.6\maven-monitor-2.0.6.jar;C:\Users\13104\.m2\repository\org\apache\maven\maven-settings\2.0.6\maven-settings-2.0.6.jar;C:\Users\13104\.m2\repository\org\sonatype\plexus\plexus-build-api\0.0.4\plexus-build-api-0.0.4.jar;C:\Users\13104\.m2\repository\org\slf4j\jcl-over-slf4j\1.7.5\jcl-over-slf4j-1.7.5.jar;C:\Users\13104\.m2\repository\org\slf4j\slf4j-api\1.7.5\slf4j-api-1.7.5.jar;C:\Users\13104\.m2\repository\junit\junit\4.11\junit-4.11.jar;C:\Users\13104\.m2\repository\org\hamcrest\hamcrest-core\1.3\hamcrest-core-1.3.jar;C:\Users\13104\.m2\repository\com\google\code\gson\gson\2.8.5\gson-2.8.5.jar;C:\Users\13104\.m2\repository\org\jacoco\jacoco-maven-plugin\0.8.2\jacoco-maven-plugin-0.8.2.jar;C:\Users\13104\.m2\repository\org\apache\maven\maven-project\2.2.1\maven-project-2.2.1.jar;C:\Users\13104\.m2\repository\org\apache\maven\maven-profile\2.2.1\maven-profile-2.2.1.jar;C:\Users\13104\.m2\repository\org\apache\maven\maven-artifact-manager\2.2.1\maven-artifact-manager-2.2.1.jar;C:\Users\13104\.m2\repository\backport-util-concurrent\backport-util-concurrent\3.1\backport-util-concurrent-3.1.jar;C:\Users\13104\.m2\repository\org\apache\maven\maven-plugin-registry\2.2.1\maven-plugin-registry-2.2.1.jar;C:\Users\13104\.m2\repository\org\apache\maven\shared\file-management\1.2.1\file-management-1.2.1.jar;C:\Users\13104\.m2\repository\org\apache\maven\shared\maven-shared-io\1.1\maven-shared-io-1.1.jar;C:\Users\13104\.m2\repository\org\apache\maven\reporting\maven-reporting-api\2.2.1\maven-reporting-api-2.2.1.jar;C:\Users\13104\.m2\repository\org\apache\maven\doxia\doxia-sink-api\1.1\doxia-sink-api-1.1.jar;C:\Users\13104\.m2\repository\org\apache\maven\doxia\doxia-logging-api\1.1\doxia-logging-api-1.1.jar;C:\Users\13104\.m2\repository\org\apache\maven\reporting\maven-reporting-impl\2.1\maven-reporting-impl-2.1.jar;C:\Users\13104\.m2\repository\org\apache\maven\doxia\doxia-core\1.1.2\doxia-core-1.1.2.jar;C:\Users\13104\.m2\repository\xerces\xercesImpl\2.8.1\xercesImpl-2.8.1.jar;C:\Users\13104\.m2\repository\commons-httpclient\commons-httpclient\3.1\commons-httpclient-3.1.jar;C:\Users\13104\.m2\repository\org\apache\maven\doxia\doxia-site-renderer\1.1.2\doxia-site-renderer-1.1.2.jar;C:\Users\13104\.m2\repository\org\apache\maven\doxia\doxia-decoration-model\1.1.2\doxia-decoration-model-1.1.2.jar;C:\Users\13104\.m2\repository\org\apache\maven\doxia\doxia-module-xhtml\1.1.2\doxia-module-xhtml-1.1.2.jar;C:\Users\13104\.m2\repository\org\apache\maven\doxia\doxia-module-fml\1.1.2\doxia-module-fml-1.1.2.jar;C:\Users\13104\.m2\repository\org\codehaus\plexus\plexus-i18n\1.0-beta-7\plexus-i18n-1.0-beta-7.jar;C:\Users\13104\.m2\repository\org\codehaus\plexus\plexus-velocity\1.1.7\plexus-velocity-1.1.7.jar;C:\Users\13104\.m2\repository\org\apache\velocity\velocity\1.5\velocity-1.5.jar;C:\Users\13104\.m2\repository\commons-collections\commons-collections\3.2\commons-collections-3.2.jar;C:\Users\13104\.m2\repository\commons-validator\commons-validator\1.2.0\commons-validator-1.2.0.jar;C:\Users\13104\.m2\repository\commons-beanutils\commons-beanutils\1.7.0\commons-beanutils-1.7.0.jar;C:\Users\13104\.m2\repository\commons-digester\commons-digester\1.6\commons-digester-1.6.jar;C:\Users\13104\.m2\repository\oro\oro\2.0.8\oro-2.0.8.jar;C:\Users\13104\.m2\repository\xml-apis\xml-apis\1.0.b2\xml-apis-1.0.b2.jar;C:\Users\13104\.m2\repository\org\jacoco\org.jacoco.agent\0.8.2\org.jacoco.agent-0.8.2-runtime.jar;C:\Users\13104\.m2\repository\org\jacoco\org.jacoco.core\0.8.2\org.jacoco.core-0.8.2.jar;C:\Users\13104\.m2\repository\org\ow2\asm\asm\6.2.1\asm-6.2.1.jar;C:\Users\13104\.m2\repository\org\ow2\asm\asm-commons\6.2.1\asm-commons-6.2.1.jar;C:\Users\13104\.m2\repository\org\ow2\asm\asm-analysis\6.2.1\asm-analysis-6.2.1.jar;C:\Users\13104\.m2\repository\org\ow2\asm\asm-tree\6.2.1\asm-tree-6.2.1.jar;C:\Users\13104\.m2\repository\org\jacoco\org.jacoco.report\0.8.2\org.jacoco.report-0.8.2.jar;"/>
    <property name="java.vm.vendor" value="Oracle Corporation"/>
    <property name="sun.arch.data.model" value="64"/>
    <property name="user.variant" value=""/>
    <property name="java.vendor.url" value="http://java.oracle.com/"/>
    <property name="user.timezone" value="America/Denver"/>
    <property name="java.vm.specification.version" value="1.8"/>
    <property name="os.name" value="Windows 10"/>
    <property name="user.country" value="US"/>
    <property name="sun.java.launcher" value="SUN_STANDARD"/>
    <property name="sun.boot.library.path" value="C:\Program Files\Java\jdk1.8.0_241\jre\bin"/>
    <property name="sun.java.command" value="C:\Users\13104\AppData\Local\Temp\surefire2592797707705841051\surefirebooter3415828270123404126.jar C:\Users\13104\AppData\Local\Temp\surefire2592797707705841051 2020-05-08T07-18-37_508-jvmRun1 surefire809159838116590526tmp surefire_03335240234533266714tmp"/>
    <property name="surefire.test.class.path" value="C:\Users\13104\Documents\repos\2004-apr06-java\ERS_Hill_Severance\ERS_Project1\target\test-classes;C:\Users\13104\Documents\repos\2004-apr06-java\ERS_Hill_Severance\ERS_Project1\target\classes;C:\Users\13104\.m2\repository\javax\servlet\javax.servlet-api\3.1.0\javax.servlet-api-3.1.0.jar;C:\Users\13104\.m2\repository\org\apache\logging\log4j\log4j-core\2.13.1\log4j-core-2.13.1.jar;C:\Users\13104\.m2\repository\org\apache\logging\log4j\log4j-api\2.13.1\log4j-api-2.13.1.jar;C:\Users\13104\.m2\repository\org\postgresql\postgresql\42.2.12\postgresql-42.2.12.jar;C:\Users\13104\.m2\repository\org\mockito\mockito-core\3.3.3\mockito-core-3.3.3.jar;C:\Users\13104\.m2\repository\net\bytebuddy\byte-buddy\1.10.5\byte-buddy-1.10.5.jar;C:\Users\13104\.m2\repository\net\bytebuddy\byte-buddy-agent\1.10.5\byte-buddy-agent-1.10.5.jar;C:\Users\13104\.m2\repository\org\objenesis\objenesis\2.6\objenesis-2.6.jar;C:\Users\13104\.m2\repository\org\apache\tomcat\maven\tomcat7-maven-plugin\2.2\tomcat7-maven-plugin-2.2.jar;C:\Users\13104\.m2\repository\org\apache\tomcat\embed\tomcat-embed-core\7.0.47\tomcat-embed-core-7.0.47.jar;C:\Users\13104\.m2\repository\org\apache\tomcat\tomcat-util\7.0.47\tomcat-util-7.0.47.jar;C:\Users\13104\.m2\repository\org\apache\tomcat\tomcat-coyote\7.0.47\tomcat-coyote-7.0.47.jar;C:\Users\13104\.m2\repository\org\apache\tomcat\tomcat-api\7.0.47\tomcat-api-7.0.47.jar;C:\Users\13104\.m2\repository\org\apache\tomcat\tomcat-jdbc\7.0.47\tomcat-jdbc-7.0.47.jar;C:\Users\13104\.m2\repository\org\apache\tomcat\tomcat-dbcp\7.0.47\tomcat-dbcp-7.0.47.jar;C:\Users\13104\.m2\repository\org\apache\tomcat\tomcat-servlet-api\7.0.47\tomcat-servlet-api-7.0.47.jar;C:\Users\13104\.m2\repository\org\apache\tomcat\tomcat-jsp-api\7.0.47\tomcat-jsp-api-7.0.47.jar;C:\Users\13104\.m2\repository\org\apache\tomcat\tomcat-jasper\7.0.47\tomcat-jasper-7.0.47.jar;C:\Users\13104\.m2\repository\org\apache\tomcat\tomcat-jasper-el\7.0.47\tomcat-jasper-el-7.0.47.jar;C:\Users\13104\.m2\repository\org\apache\tomcat\tomcat-el-api\7.0.47\tomcat-el-api-7.0.47.jar;C:\Users\13104\.m2\repository\org\apache\tomcat\tomcat-catalina\7.0.47\tomcat-catalina-7.0.47.jar;C:\Users\13104\.m2\repository\org\apache\tomcat\tomcat-tribes\7.0.47\tomcat-tribes-7.0.47.jar;C:\Users\13104\.m2\repository\org\apache\tomcat\tomcat-catalina-ha\7.0.47\tomcat-catalina-ha-7.0.47.jar;C:\Users\13104\.m2\repository\org\apache\tomcat\tomcat-annotations-api\7.0.47\tomcat-annotations-api-7.0.47.jar;C:\Users\13104\.m2\repository\org\apache\tomcat\tomcat-juli\7.0.47\tomcat-juli-7.0.47.jar;C:\Users\13104\.m2\repository\org\apache\tomcat\embed\tomcat-embed-logging-juli\7.0.47\tomcat-embed-logging-juli-7.0.47.jar;C:\Users\13104\.m2\repository\org\apache\tomcat\embed\tomcat-embed-logging-log4j\7.0.47\tomcat-embed-logging-log4j-7.0.47.jar;C:\Users\13104\.m2\repository\org\eclipse\jdt\core\compiler\ecj\4.2.2\ecj-4.2.2.jar;C:\Users\13104\.m2\repository\org\apache\tomcat\maven\common-tomcat-maven-plugin\2.2\common-tomcat-maven-plugin-2.2.jar;C:\Users\13104\.m2\repository\com\google\guava\guava\10.0.1\guava-10.0.1.jar;C:\Users\13104\.m2\repository\com\google\code\findbugs\jsr305\1.3.9\jsr305-1.3.9.jar;C:\Users\13104\.m2\repository\org\apache\httpcomponents\httpclient\4.3.1\httpclient-4.3.1.jar;C:\Users\13104\.m2\repository\org\apache\httpcomponents\httpcore\4.3\httpcore-4.3.jar;C:\Users\13104\.m2\repository\commons-logging\commons-logging\1.1.3\commons-logging-1.1.3.jar;C:\Users\13104\.m2\repository\org\codehaus\plexus\plexus-component-annotations\1.5.5\plexus-component-annotations-1.5.5.jar;C:\Users\13104\.m2\repository\commons-codec\commons-codec\1.6\commons-codec-1.6.jar;C:\Users\13104\.m2\repository\org\apache\tomcat\maven\tomcat7-war-runner\2.2\tomcat7-war-runner-2.2.jar;C:\Users\13104\.m2\repository\commons-cli\commons-cli\1.2\commons-cli-1.2.jar;C:\Users\13104\.m2\repository\org\apache\maven\maven-plugin-api\2.2.1\maven-plugin-api-2.2.1.jar;C:\Users\13104\.m2\repository\org\apache\maven\maven-archiver\2.4.2\maven-archiver-2.4.2.jar;C:\Users\13104\.m2\repository\org\apache\maven\maven-artifact\2.0.6\maven-artifact-2.0.6.jar;C:\Users\13104\.m2\repository\org\apache\maven\maven-model\2.0.6\maven-model-2.0.6.jar;C:\Users\13104\.m2\repository\org\codehaus\plexus\plexus-interpolation\1.13\plexus-interpolation-1.13.jar;C:\Users\13104\.m2\repository\org\codehaus\plexus\plexus-classworlds\2.2.2\plexus-classworlds-2.2.2.jar;C:\Users\13104\.m2\repository\commons-io\commons-io\2.2\commons-io-2.2.jar;C:\Users\13104\.m2\repository\commons-lang\commons-lang\2.6\commons-lang-2.6.jar;C:\Users\13104\.m2\repository\org\apache\commons\commons-compress\1.4.1\commons-compress-1.4.1.jar;C:\Users\13104\.m2\repository\org\tukaani\xz\1.0\xz-1.0.jar;C:\Users\13104\.m2\repository\org\codehaus\plexus\plexus-archiver\2.1.1\plexus-archiver-2.1.1.jar;C:\Users\13104\.m2\repository\org\codehaus\plexus\plexus-container-default\1.0-alpha-9-stable-1\plexus-container-default-1.0-alpha-9-stable-1.jar;C:\Users\13104\.m2\repository\classworlds\classworlds\1.1-alpha-2\classworlds-1.1-alpha-2.jar;C:\Users\13104\.m2\repository\org\codehaus\plexus\plexus-io\2.0.3\plexus-io-2.0.3.jar;C:\Users\13104\.m2\repository\org\codehaus\plexus\plexus-utils\3.0.15\plexus-utils-3.0.15.jar;C:\Users\13104\.m2\repository\org\apache\maven\shared\maven-filtering\1.0\maven-filtering-1.0.jar;C:\Users\13104\.m2\repository\org\apache\maven\maven-core\2.0.6\maven-core-2.0.6.jar;C:\Users\13104\.m2\repository\org\apache\maven\wagon\wagon-file\1.0-beta-2\wagon-file-1.0-beta-2.jar;C:\Users\13104\.m2\repository\org\apache\maven\maven-plugin-parameter-documenter\2.0.6\maven-plugin-parameter-documenter-2.0.6.jar;C:\Users\13104\.m2\repository\org\apache\maven\wagon\wagon-http-lightweight\1.0-beta-2\wagon-http-lightweight-1.0-beta-2.jar;C:\Users\13104\.m2\repository\org\apache\maven\wagon\wagon-http-shared\1.0-beta-2\wagon-http-shared-1.0-beta-2.jar;C:\Users\13104\.m2\repository\jtidy\jtidy\4aug2000r7-dev\jtidy-4aug2000r7-dev.jar;C:\Users\13104\.m2\repository\org\apache\maven\wagon\wagon-provider-api\1.0-beta-2\wagon-provider-api-1.0-beta-2.jar;C:\Users\13104\.m2\repository\org\apache\maven\maven-repository-metadata\2.0.6\maven-repository-metadata-2.0.6.jar;C:\Users\13104\.m2\repository\org\apache\maven\maven-error-diagnostics\2.0.6\maven-error-diagnostics-2.0.6.jar;C:\Users\13104\.m2\repository\org\apache\maven\wagon\wagon-ssh-external\1.0-beta-2\wagon-ssh-external-1.0-beta-2.jar;C:\Users\13104\.m2\repository\org\apache\maven\wagon\wagon-ssh-common\1.0-beta-2\wagon-ssh-common-1.0-beta-2.jar;C:\Users\13104\.m2\repository\org\apache\maven\maven-plugin-descriptor\2.0.6\maven-plugin-descriptor-2.0.6.jar;C:\Users\13104\.m2\repository\org\codehaus\plexus\plexus-interactivity-api\1.0-alpha-4\plexus-interactivity-api-1.0-alpha-4.jar;C:\Users\13104\.m2\repository\org\apache\maven\wagon\wagon-ssh\1.0-beta-2\wagon-ssh-1.0-beta-2.jar;C:\Users\13104\.m2\repository\com\jcraft\jsch\0.1.27\jsch-0.1.27.jar;C:\Users\13104\.m2\repository\org\apache\maven\maven-monitor\2.0.6\maven-monitor-2.0.6.jar;C:\Users\13104\.m2\repository\org\apache\maven\maven-settings\2.0.6\maven-settings-2.0.6.jar;C:\Users\13104\.m2\repository\org\sonatype\plexus\plexus-build-api\0.0.4\plexus-build-api-0.0.4.jar;C:\Users\13104\.m2\repository\org\slf4j\jcl-over-slf4j\1.7.5\jcl-over-slf4j-1.7.5.jar;C:\Users\13104\.m2\repository\org\slf4j\slf4j-api\1.7.5\slf4j-api-1.7.5.jar;C:\Users\13104\.m2\repository\junit\junit\4.11\junit-4.11.jar;C:\Users\13104\.m2\repository\org\hamcrest\hamcrest-core\1.3\hamcrest-core-1.3.jar;C:\Users\13104\.m2\repository\com\google\code\gson\gson\2.8.5\gson-2.8.5.jar;C:\Users\13104\.m2\repository\org\jacoco\jacoco-maven-plugin\0.8.2\jacoco-maven-plugin-0.8.2.jar;C:\Users\13104\.m2\repository\org\apache\maven\maven-project\2.2.1\maven-project-2.2.1.jar;C:\Users\13104\.m2\repository\org\apache\maven\maven-profile\2.2.1\maven-profile-2.2.1.jar;C:\Users\13104\.m2\repository\org\apache\maven\maven-artifact-manager\2.2.1\maven-artifact-manager-2.2.1.jar;C:\Users\13104\.m2\repository\backport-util-concurrent\backport-util-concurrent\3.1\backport-util-concurrent-3.1.jar;C:\Users\13104\.m2\repository\org\apache\maven\maven-plugin-registry\2.2.1\maven-plugin-registry-2.2.1.jar;C:\Users\13104\.m2\repository\org\apache\maven\shared\file-management\1.2.1\file-management-1.2.1.jar;C:\Users\13104\.m2\repository\org\apache\maven\shared\maven-shared-io\1.1\maven-shared-io-1.1.jar;C:\Users\13104\.m2\repository\org\apache\maven\reporting\maven-reporting-api\2.2.1\maven-reporting-api-2.2.1.jar;C:\Users\13104\.m2\repository\org\apache\maven\doxia\doxia-sink-api\1.1\doxia-sink-api-1.1.jar;C:\Users\13104\.m2\repository\org\apache\maven\doxia\doxia-logging-api\1.1\doxia-logging-api-1.1.jar;C:\Users\13104\.m2\repository\org\apache\maven\reporting\maven-reporting-impl\2.1\maven-reporting-impl-2.1.jar;C:\Users\13104\.m2\repository\org\apache\maven\doxia\doxia-core\1.1.2\doxia-core-1.1.2.jar;C:\Users\13104\.m2\repository\xerces\xercesImpl\2.8.1\xercesImpl-2.8.1.jar;C:\Users\13104\.m2\repository\commons-httpclient\commons-httpclient\3.1\commons-httpclient-3.1.jar;C:\Users\13104\.m2\repository\org\apache\maven\doxia\doxia-site-renderer\1.1.2\doxia-site-renderer-1.1.2.jar;C:\Users\13104\.m2\repository\org\apache\maven\doxia\doxia-decoration-model\1.1.2\doxia-decoration-model-1.1.2.jar;C:\Users\13104\.m2\repository\org\apache\maven\doxia\doxia-module-xhtml\1.1.2\doxia-module-xhtml-1.1.2.jar;C:\Users\13104\.m2\repository\org\apache\maven\doxia\doxia-module-fml\1.1.2\doxia-module-fml-1.1.2.jar;C:\Users\13104\.m2\repository\org\codehaus\plexus\plexus-i18n\1.0-beta-7\plexus-i18n-1.0-beta-7.jar;C:\Users\13104\.m2\repository\org\codehaus\plexus\plexus-velocity\1.1.7\plexus-velocity-1.1.7.jar;C:\Users\13104\.m2\repository\org\apache\velocity\velocity\1.5\velocity-1.5.jar;C:\Users\13104\.m2\repository\commons-collections\commons-collections\3.2\commons-collections-3.2.jar;C:\Users\13104\.m2\repository\commons-validator\commons-validator\1.2.0\commons-validator-1.2.0.jar;C:\Users\13104\.m2\repository\commons-beanutils\commons-beanutils\1.7.0\commons-beanutils-1.7.0.jar;C:\Users\13104\.m2\repository\commons-digester\commons-digester\1.6\commons-digester-1.6.jar;C:\Users\13104\.m2\repository\oro\oro\2.0.8\oro-2.0.8.jar;C:\Users\13104\.m2\repository\xml-apis\xml-apis\1.0.b2\xml-apis-1.0.b2.jar;C:\Users\13104\.m2\repository\org\jacoco\org.jacoco.agent\0.8.2\org.jacoco.agent-0.8.2-runtime.jar;C:\Users\13104\.m2\repository\org\jacoco\org.jacoco.core\0.8.2\org.jacoco.core-0.8.2.jar;C:\Users\13104\.m2\repository\org\ow2\asm\asm\6.2.1\asm-6.2.1.jar;C:\Users\13104\.m2\repository\org\ow2\asm\asm-commons\6.2.1\asm-commons-6.2.1.jar;C:\Users\13104\.m2\repository\org\ow2\asm\asm-analysis\6.2.1\asm-analysis-6.2.1.jar;C:\Users\13104\.m2\repository\org\ow2\asm\asm-tree\6.2.1\asm-tree-6.2.1.jar;C:\Users\13104\.m2\repository\org\jacoco\org.jacoco.report\0.8.2\org.jacoco.report-0.8.2.jar;"/>
    <property name="sun.cpu.endian" value="little"/>
    <property name="user.home" value="C:\Users\13104"/>
    <property name="user.language" value="en"/>
    <property name="java.specification.vendor" value="Oracle Corporation"/>
    <property name="java.home" value="C:\Program Files\Java\jdk1.8.0_241\jre"/>
    <property name="basedir" value="C:\Users\13104\Documents\repos\2004-apr06-java\ERS_Hill_Severance\ERS_Project1"/>
    <property name="file.separator" value="\"/>
    <property name="line.separator" value="&#10;"/>
    <property name="java.vm.specification.vendor" value="Oracle Corporation"/>
    <property name="java.specification.name" value="Java Platform API Specification"/>
    <property name="java.awt.graphicsenv" value="sun.awt.Win32GraphicsEnvironment"/>
    <property name="surefire.real.class.path" value="C:\Users\13104\AppData\Local\Temp\surefire2592797707705841051\surefirebooter3415828270123404126.jar"/>
    <property name="sun.boot.class.path" value="C:\Program Files\Java\jdk1.8.0_241\jre\lib\resources.jar;C:\Program Files\Java\jdk1.8.0_241\jre\lib\rt.jar;C:\Program Files\Java\jdk1.8.0_241\jre\lib\sunrsasign.jar;C:\Program Files\Java\jdk1.8.0_241\jre\lib\jsse.jar;C:\Program Files\Java\jdk1.8.0_241\jre\lib\jce.jar;C:\Program Files\Java\jdk1.8.0_241\jre\lib\charsets.jar;C:\Program Files\Java\jdk1.8.0_241\jre\lib\jfr.jar;C:\Program Files\Java\jdk1.8.0_241\jre\classes"/>
    <property name="user.script" value=""/>
    <property name="sun.management.compiler" value="HotSpot 64-Bit Tiered Compilers"/>
    <property name="java.runtime.version" value="1.8.0_241-b07"/>
    <property name="user.name" value="jordan"/>
    <property name="path.separator" value=";"/>
    <property name="os.version" value="10.0"/>
    <property name="java.endorsed.dirs" value="C:\Program Files\Java\jdk1.8.0_241\jre\lib\endorsed"/>
    <property name="java.runtime.name" value="Java(TM) SE Runtime Environment"/>
    <property name="file.encoding" value="Cp1252"/>
    <property name="java.vm.name" value="Java HotSpot(TM) 64-Bit Server VM"/>
    <property name="localRepository" value="C:\Users\13104\.m2\repository"/>
    <property name="java.vendor.url.bug" value="http://bugreport.sun.com/bugreport/"/>
    <property name="java.io.tmpdir" value="C:\Users\13104\AppData\Local\Temp\"/>
    <property name="java.version" value="1.8.0_241"/>
    <property name="user.dir" value="C:\Users\13104\Documents\repos\2004-apr06-java\ERS_Hill_Severance\ERS_Project1"/>
    <property name="os.arch" value="amd64"/>
    <property name="java.vm.specification.name" value="Java Virtual Machine Specification"/>
    <property name="java.awt.printerjob" value="sun.awt.windows.WPrinterJob"/>
    <property name="sun.os.patch.level" value=""/>
    <property name="idea.version2019.3.4" value="true"/>
    <property name="java.library.path" value="C:\Program Files\Java\jdk1.8.0_241\jre\bin;C:\Windows\Sun\Java\bin;C:\Windows\system32;C:\Windows;C:\Program Files\Java\jdk1.8.0_241\bin;C:\Program Files (x86)\Common Files\Oracle\Java\javapath;C:\Windows\system32;C:\Windows;C:\Windows\System32\Wbem;C:\Windows\System32\WindowsPowerShell\v1.0\;C:\Windows\System32\OpenSSH\;C:\ProgramData\chocolatey\bin;C:\revature\apache-maven-3.6.3\bin;C:\Program Files\Git\cmd;C:\Program Files\Microsoft VS Code\bin;C:\Program Files\Microsoft SQL Server\130\Tools\Binn\;C:\Program Files\Microsoft SQL Server\Client SDK\ODBC\170\Tools\Binn\;C:\Program Files\Microsoft SQL Server\Client SDK\ODBC\110\Tools\Binn\;C:\Program Files (x86)\Microsoft SQL Server\120\Tools\Binn\;C:\Program Files\Microsoft SQL Server\120\Tools\Binn\;C:\Program Files\Microsoft SQL Server\120\DTS\Binn\;C:\Program Files (x86)\Microsoft SQL Server\120\Tools\Binn\ManagementStudio\;C:\Program Files (x86)\Microsoft SQL Server\120\DTS\Binn\;C:\Program Files\dotnet\;C:\Users\13104\AppData\Local\Microsoft\WindowsApps;;C:\Program Files\Docker Toolbox;."/>
    <property name="java.vm.info" value="mixed mode"/>
    <property name="java.vendor" value="Oracle Corporation"/>
    <property name="java.vm.version" value="25.241-b07"/>
    <property name="java.ext.dirs" value="C:\Program Files\Java\jdk1.8.0_241\jre\lib\ext;C:\Windows\Sun\Java\lib\ext"/>
    <property name="sun.io.unicode.encoding" value="UnicodeLittle"/>
    <property name="java.class.version" value="52.0"/>
  </properties>
  <testcase name="shouldGetAll" classname="com.ex.ers.services.PersonServiceTest" time="0.274"/>
  <testcase name="shouldSaveNewUser" classname="com.ex.ers.services.PersonServiceTest" time="0.002"/>
  <testcase name="shouldCheckForExistingUsername" classname="com.ex.ers.services.PersonServiceTest" time="0.001"/>
  <testcase name="shouldLoginPerson" classname="com.ex.ers.services.PersonServiceTest" time="0.001"/>
</testsuite>